

Started GET "/assets/rails.png" for 10.0.2.2 at 2013-03-12 12:42:46 +0000
Connecting to database specified by database.yml
Served asset /rails.png - 304 Not Modified (58ms)


Started GET "/assets/rails.png" for 10.0.2.2 at 2013-03-12 13:04:01 +0000
Connecting to database specified by database.yml
Served asset /rails.png - 304 Not Modified (9ms)


Started GET "/static_pages/home" for 10.0.2.2 at 2013-03-12 13:04:20 +0000
Processing by StaticPagesController#home as HTML
  Rendered static_pages/home.html.erb within layouts/application (39.6ms)
Compiled static_pages.css  (38ms)  (pid 4250)
Compiled application.css  (96ms)  (pid 4250)
Compiled jquery.js  (30ms)  (pid 4250)
Compiled jquery_ujs.js  (0ms)  (pid 4250)
Compiled static_pages.js  (565ms)  (pid 4250)
Compiled application.js  (942ms)  (pid 4250)
Completed 200 OK in 1648ms (Views: 1647.4ms | ActiveRecord: 0.0ms)


Started GET "/assets/jquery.js?body=1" for 10.0.2.2 at 2013-03-12 13:04:21 +0000
Served asset /jquery.js - 304 Not Modified (20ms)


Started GET "/assets/static_pages.js?body=1" for 10.0.2.2 at 2013-03-12 13:04:21 +0000
Served asset /static_pages.js - 200 OK (8ms)


Started GET "/assets/application.css?body=1" for 10.0.2.2 at 2013-03-12 13:04:21 +0000
Served asset /application.css - 304 Not Modified (14ms)


Started GET "/assets/static_pages.css?body=1" for 10.0.2.2 at 2013-03-12 13:04:22 +0000
Served asset /static_pages.css - 200 OK (9ms)


Started GET "/assets/application.js?body=1" for 10.0.2.2 at 2013-03-12 13:04:22 +0000
Served asset /application.js - 304 Not Modified (31ms)


Started GET "/assets/jquery_ujs.js?body=1" for 10.0.2.2 at 2013-03-12 13:04:22 +0000
Served asset /jquery_ujs.js - 304 Not Modified (10ms)
Connecting to database specified by database.yml


Started GET "/assets/rails.png" for 10.0.2.2 at 2013-04-02 13:22:15 +0100
Connecting to database specified by database.yml
Served asset /rails.png - 200 OK (6ms)


Started GET "/users" for 10.0.2.2 at 2013-04-02 13:22:19 +0100

ActionController::RoutingError (No route matches [GET] "/users"):
  actionpack (3.2.12) lib/action_dispatch/middleware/debug_exceptions.rb:21:in `call'
  actionpack (3.2.12) lib/action_dispatch/middleware/show_exceptions.rb:56:in `call'
  railties (3.2.12) lib/rails/rack/logger.rb:32:in `call_app'
  railties (3.2.12) lib/rails/rack/logger.rb:16:in `block in call'
  activesupport (3.2.12) lib/active_support/tagged_logging.rb:22:in `tagged'
  railties (3.2.12) lib/rails/rack/logger.rb:16:in `call'
  actionpack (3.2.12) lib/action_dispatch/middleware/request_id.rb:22:in `call'
  rack (1.4.5) lib/rack/methodoverride.rb:21:in `call'
  rack (1.4.5) lib/rack/runtime.rb:17:in `call'
  activesupport (3.2.12) lib/active_support/cache/strategy/local_cache.rb:72:in `call'
  rack (1.4.5) lib/rack/lock.rb:15:in `call'
  actionpack (3.2.12) lib/action_dispatch/middleware/static.rb:62:in `call'
  railties (3.2.12) lib/rails/engine.rb:479:in `call'
  railties (3.2.12) lib/rails/application.rb:223:in `call'
  rack (1.4.5) lib/rack/content_length.rb:14:in `call'
  railties (3.2.12) lib/rails/rack/log_tailer.rb:17:in `call'
  rack (1.4.5) lib/rack/handler/webrick.rb:59:in `service'
  /home/carlos/.rvm/rubies/ruby-1.9.3-p385/lib/ruby/1.9.1/webrick/httpserver.rb:138:in `service'
  /home/carlos/.rvm/rubies/ruby-1.9.3-p385/lib/ruby/1.9.1/webrick/httpserver.rb:94:in `run'
  /home/carlos/.rvm/rubies/ruby-1.9.3-p385/lib/ruby/1.9.1/webrick/server.rb:191:in `block in start_thread'


  Rendered /home/carlos/.rvm/gems/ruby-1.9.3-p385/gems/actionpack-3.2.12/lib/action_dispatch/middleware/templates/rescues/routing_error.erb within rescues/layout (6.3ms)


Started GET "/static_pages" for 10.0.2.2 at 2013-04-02 13:22:35 +0100

ActionController::RoutingError (No route matches [GET] "/static_pages"):
  actionpack (3.2.12) lib/action_dispatch/middleware/debug_exceptions.rb:21:in `call'
  actionpack (3.2.12) lib/action_dispatch/middleware/show_exceptions.rb:56:in `call'
  railties (3.2.12) lib/rails/rack/logger.rb:32:in `call_app'
  railties (3.2.12) lib/rails/rack/logger.rb:16:in `block in call'
  activesupport (3.2.12) lib/active_support/tagged_logging.rb:22:in `tagged'
  railties (3.2.12) lib/rails/rack/logger.rb:16:in `call'
  actionpack (3.2.12) lib/action_dispatch/middleware/request_id.rb:22:in `call'
  rack (1.4.5) lib/rack/methodoverride.rb:21:in `call'
  rack (1.4.5) lib/rack/runtime.rb:17:in `call'
  activesupport (3.2.12) lib/active_support/cache/strategy/local_cache.rb:72:in `call'
  rack (1.4.5) lib/rack/lock.rb:15:in `call'
  actionpack (3.2.12) lib/action_dispatch/middleware/static.rb:62:in `call'
  railties (3.2.12) lib/rails/engine.rb:479:in `call'
  railties (3.2.12) lib/rails/application.rb:223:in `call'
  rack (1.4.5) lib/rack/content_length.rb:14:in `call'
  railties (3.2.12) lib/rails/rack/log_tailer.rb:17:in `call'
  rack (1.4.5) lib/rack/handler/webrick.rb:59:in `service'
  /home/carlos/.rvm/rubies/ruby-1.9.3-p385/lib/ruby/1.9.1/webrick/httpserver.rb:138:in `service'
  /home/carlos/.rvm/rubies/ruby-1.9.3-p385/lib/ruby/1.9.1/webrick/httpserver.rb:94:in `run'
  /home/carlos/.rvm/rubies/ruby-1.9.3-p385/lib/ruby/1.9.1/webrick/server.rb:191:in `block in start_thread'


  Rendered /home/carlos/.rvm/gems/ruby-1.9.3-p385/gems/actionpack-3.2.12/lib/action_dispatch/middleware/templates/rescues/routing_error.erb within rescues/layout (0.8ms)


Started GET "/home" for 10.0.2.2 at 2013-04-02 13:22:47 +0100

ActionController::RoutingError (No route matches [GET] "/home"):
  actionpack (3.2.12) lib/action_dispatch/middleware/debug_exceptions.rb:21:in `call'
  actionpack (3.2.12) lib/action_dispatch/middleware/show_exceptions.rb:56:in `call'
  railties (3.2.12) lib/rails/rack/logger.rb:32:in `call_app'
  railties (3.2.12) lib/rails/rack/logger.rb:16:in `block in call'
  activesupport (3.2.12) lib/active_support/tagged_logging.rb:22:in `tagged'
  railties (3.2.12) lib/rails/rack/logger.rb:16:in `call'
  actionpack (3.2.12) lib/action_dispatch/middleware/request_id.rb:22:in `call'
  rack (1.4.5) lib/rack/methodoverride.rb:21:in `call'
  rack (1.4.5) lib/rack/runtime.rb:17:in `call'
  activesupport (3.2.12) lib/active_support/cache/strategy/local_cache.rb:72:in `call'
  rack (1.4.5) lib/rack/lock.rb:15:in `call'
  actionpack (3.2.12) lib/action_dispatch/middleware/static.rb:62:in `call'
  railties (3.2.12) lib/rails/engine.rb:479:in `call'
  railties (3.2.12) lib/rails/application.rb:223:in `call'
  rack (1.4.5) lib/rack/content_length.rb:14:in `call'
  railties (3.2.12) lib/rails/rack/log_tailer.rb:17:in `call'
  rack (1.4.5) lib/rack/handler/webrick.rb:59:in `service'
  /home/carlos/.rvm/rubies/ruby-1.9.3-p385/lib/ruby/1.9.1/webrick/httpserver.rb:138:in `service'
  /home/carlos/.rvm/rubies/ruby-1.9.3-p385/lib/ruby/1.9.1/webrick/httpserver.rb:94:in `run'
  /home/carlos/.rvm/rubies/ruby-1.9.3-p385/lib/ruby/1.9.1/webrick/server.rb:191:in `block in start_thread'


  Rendered /home/carlos/.rvm/gems/ruby-1.9.3-p385/gems/actionpack-3.2.12/lib/action_dispatch/middleware/templates/rescues/routing_error.erb within rescues/layout (0.5ms)


Started GET "/help" for 10.0.2.2 at 2013-04-02 13:22:56 +0100

ActionController::RoutingError (No route matches [GET] "/help"):
  actionpack (3.2.12) lib/action_dispatch/middleware/debug_exceptions.rb:21:in `call'
  actionpack (3.2.12) lib/action_dispatch/middleware/show_exceptions.rb:56:in `call'
  railties (3.2.12) lib/rails/rack/logger.rb:32:in `call_app'
  railties (3.2.12) lib/rails/rack/logger.rb:16:in `block in call'
  activesupport (3.2.12) lib/active_support/tagged_logging.rb:22:in `tagged'
  railties (3.2.12) lib/rails/rack/logger.rb:16:in `call'
  actionpack (3.2.12) lib/action_dispatch/middleware/request_id.rb:22:in `call'
  rack (1.4.5) lib/rack/methodoverride.rb:21:in `call'
  rack (1.4.5) lib/rack/runtime.rb:17:in `call'
  activesupport (3.2.12) lib/active_support/cache/strategy/local_cache.rb:72:in `call'
  rack (1.4.5) lib/rack/lock.rb:15:in `call'
  actionpack (3.2.12) lib/action_dispatch/middleware/static.rb:62:in `call'
  railties (3.2.12) lib/rails/engine.rb:479:in `call'
  railties (3.2.12) lib/rails/application.rb:223:in `call'
  rack (1.4.5) lib/rack/content_length.rb:14:in `call'
  railties (3.2.12) lib/rails/rack/log_tailer.rb:17:in `call'
  rack (1.4.5) lib/rack/handler/webrick.rb:59:in `service'
  /home/carlos/.rvm/rubies/ruby-1.9.3-p385/lib/ruby/1.9.1/webrick/httpserver.rb:138:in `service'
  /home/carlos/.rvm/rubies/ruby-1.9.3-p385/lib/ruby/1.9.1/webrick/httpserver.rb:94:in `run'
  /home/carlos/.rvm/rubies/ruby-1.9.3-p385/lib/ruby/1.9.1/webrick/server.rb:191:in `block in start_thread'


  Rendered /home/carlos/.rvm/gems/ruby-1.9.3-p385/gems/actionpack-3.2.12/lib/action_dispatch/middleware/templates/rescues/routing_error.erb within rescues/layout (0.4ms)


Started GET "/static_pages/home" for 10.0.2.2 at 2013-04-02 13:23:36 +0100
Processing by StaticPagesController#home as HTML
  Rendered static_pages/home.html.erb within layouts/application (0.4ms)
Completed 200 OK in 121ms (Views: 120.5ms | ActiveRecord: 0.0ms)


Started GET "/assets/application.css?body=1" for 10.0.2.2 at 2013-04-02 13:23:36 +0100
Served asset /application.css - 200 OK (33ms)


Started GET "/assets/static_pages.css?body=1" for 10.0.2.2 at 2013-04-02 13:23:37 +0100
Served asset /static_pages.css - 200 OK (11ms)


Started GET "/assets/application.js?body=1" for 10.0.2.2 at 2013-04-02 13:23:37 +0100
Served asset /application.js - 200 OK (31ms)


Started GET "/assets/jquery_ujs.js?body=1" for 10.0.2.2 at 2013-04-02 13:23:37 +0100
Served asset /jquery_ujs.js - 200 OK (12ms)


Started GET "/assets/static_pages.js?body=1" for 10.0.2.2 at 2013-04-02 13:23:37 +0100
Served asset /static_pages.js - 200 OK (10ms)


Started GET "/assets/jquery.js?body=1" for 10.0.2.2 at 2013-04-02 13:23:37 +0100
Served asset /jquery.js - 200 OK (16ms)


Started GET "/assets/application.css" for 10.0.2.2 at 2013-04-02 13:23:37 +0100
Served asset /application.css - 200 OK (8ms)


Started GET "/static_pages/help" for 10.0.2.2 at 2013-04-02 13:23:54 +0100
Processing by StaticPagesController#help as HTML
  Rendered static_pages/help.html.erb within layouts/application (0.7ms)
Completed 200 OK in 57ms (Views: 56.3ms | ActiveRecord: 0.0ms)


Started GET "/assets/jquery_ujs.js?body=1" for 10.0.2.2 at 2013-04-02 13:23:54 +0100
Served asset /jquery_ujs.js - 304 Not Modified (3ms)


Started GET "/assets/static_pages.js?body=1" for 10.0.2.2 at 2013-04-02 13:23:54 +0100
Served asset /static_pages.js - 304 Not Modified (4ms)


Started GET "/assets/jquery.js?body=1" for 10.0.2.2 at 2013-04-02 13:23:54 +0100
Served asset /jquery.js - 304 Not Modified (2ms)


Started GET "/assets/application.js?body=1" for 10.0.2.2 at 2013-04-02 13:23:54 +0100
Served asset /application.js - 304 Not Modified (7ms)


Started GET "/assets/static_pages.css?body=1" for 10.0.2.2 at 2013-04-02 13:23:55 +0100
Served asset /static_pages.css - 304 Not Modified (3ms)


Started GET "/assets/application.css?body=1" for 10.0.2.2 at 2013-04-02 13:23:55 +0100
Served asset /application.css - 304 Not Modified (6ms)


Started GET "/static_pages/about" for 10.0.2.2 at 2013-04-02 13:24:08 +0100
Processing by StaticPagesController#about as HTML
  Rendered static_pages/about.html.erb within layouts/application (0.5ms)
Completed 200 OK in 55ms (Views: 54.6ms | ActiveRecord: 0.0ms)


Started GET "/assets/application.css?body=1" for 10.0.2.2 at 2013-04-02 13:24:08 +0100
Served asset /application.css - 304 Not Modified (6ms)


Started GET "/assets/application.js?body=1" for 10.0.2.2 at 2013-04-02 13:24:08 +0100
Served asset /application.js - 304 Not Modified (8ms)


Started GET "/assets/static_pages.js?body=1" for 10.0.2.2 at 2013-04-02 13:24:08 +0100
Served asset /static_pages.js - 304 Not Modified (4ms)


Started GET "/assets/jquery_ujs.js?body=1" for 10.0.2.2 at 2013-04-02 13:24:08 +0100
Served asset /jquery_ujs.js - 304 Not Modified (1ms)


Started GET "/assets/jquery.js?body=1" for 10.0.2.2 at 2013-04-02 13:24:08 +0100
Served asset /jquery.js - 304 Not Modified (3ms)


Started GET "/assets/static_pages.css?body=1" for 10.0.2.2 at 2013-04-02 13:24:08 +0100
Served asset /static_pages.css - 304 Not Modified (4ms)


Started GET "/static_pages/about" for 10.0.2.2 at 2013-04-02 13:24:13 +0100
Processing by StaticPagesController#about as HTML
  Rendered static_pages/about.html.erb within layouts/application (0.1ms)
Completed 200 OK in 63ms (Views: 62.4ms | ActiveRecord: 0.0ms)


Started GET "/assets/jquery_ujs.js?body=1" for 10.0.2.2 at 2013-04-02 13:24:13 +0100
Served asset /jquery_ujs.js - 304 Not Modified (0ms)


Started GET "/assets/application.js?body=1" for 10.0.2.2 at 2013-04-02 13:24:13 +0100
Served asset /application.js - 304 Not Modified (8ms)


Started GET "/assets/jquery.js?body=1" for 10.0.2.2 at 2013-04-02 13:24:13 +0100
Served asset /jquery.js - 304 Not Modified (1ms)


Started GET "/assets/static_pages.css?body=1" for 10.0.2.2 at 2013-04-02 13:24:13 +0100
Served asset /static_pages.css - 304 Not Modified (3ms)


Started GET "/assets/static_pages.js?body=1" for 10.0.2.2 at 2013-04-02 13:24:13 +0100
Served asset /static_pages.js - 304 Not Modified (3ms)


Started GET "/assets/application.css?body=1" for 10.0.2.2 at 2013-04-02 13:24:13 +0100
Served asset /application.css - 304 Not Modified (6ms)


Started GET "/static_pages/about" for 10.0.2.2 at 2013-04-02 13:24:42 +0100
Processing by StaticPagesController#about as HTML
  Rendered static_pages/about.html.erb within layouts/application (0.7ms)
Completed 200 OK in 63ms (Views: 62.5ms | ActiveRecord: 0.0ms)


Started GET "/assets/application.css?body=1" for 10.0.2.2 at 2013-04-02 13:24:42 +0100
Served asset /application.css - 304 Not Modified (5ms)


Started GET "/assets/static_pages.js?body=1" for 10.0.2.2 at 2013-04-02 13:24:42 +0100
Served asset /static_pages.js - 304 Not Modified (4ms)


Started GET "/assets/application.js?body=1" for 10.0.2.2 at 2013-04-02 13:24:42 +0100
Served asset /application.js - 304 Not Modified (9ms)


Started GET "/assets/jquery.js?body=1" for 10.0.2.2 at 2013-04-02 13:24:42 +0100
Served asset /jquery.js - 304 Not Modified (2ms)


Started GET "/assets/jquery_ujs.js?body=1" for 10.0.2.2 at 2013-04-02 13:24:42 +0100
Served asset /jquery_ujs.js - 304 Not Modified (1ms)


Started GET "/assets/static_pages.css?body=1" for 10.0.2.2 at 2013-04-02 13:24:42 +0100
Served asset /static_pages.css - 304 Not Modified (4ms)
